[    1358ms] [LOG] %c
▲

__  __                                     _            __
\ \/ /___  __  __   _________ _____       (_)_  _______/ /_
 \  / __ \/ / / /  / ___/ __ `/ __ \     / / / / / ___/ __/
 / / /_/ / /_/ /  / /__/ /_/ / / / /    / / /_/ (__  ) /_
/_/\____/\__,_/   \___/\__,_/_/ /_/  __/ /\__,_/____/\__/
         __    _          __  __    /___/
   _____/ /_  (_)___     / /_/ /_  (_)___  ____ ______
  / ___/ __ \/ / __ \   / __/ __ \/ / __ \/ __ `/ ___/
 (__  ) / / / / /_/ /  / /_/ / / / / / / / /_/ (__  )
/____/_/ /_/_/ .___/   \__/_/ /_/_/_/ /_/\__, /____/
            /_/                         /____/
  

Hello!

- Open Source https://vercel.com/oss
- Careers https://vercel.com/careers
- Status https://vercel-status.com

 font-family: "Geist Mono", monospace; white-space: pre; line-height: 1; @ https://vercel.com/_next/static/chunks/01y--5zzwwg65.js?dpl=dpl_E42tAzAZrfHPWVBHbcX5aU3C6tkT:72
[    1457ms] [WARNING] iso_swr: SSR fetch failed for "/api/v2/teams/team_3viD7lJiHJnAV4EPJeeObK3S" {error: iso_swr_fetch_error, message: The request is missing an authentication token} @ https://vercel.com/team_3viD7lJiHJnAV4EPJeeObK3S/vibelife:622
[    1605ms] [WARNING] iso_swr: SSR fetch failed for "/api/v6/deployments?limit=10&projectId=vibelife&rollbackCandidate=true&teamId=team_3viD7lJiHJnAV4EPJeeObK3S" {error: iso_swr_fetch_error, message: The request is missing an authentication token} @ https://vercel.com/team_3viD7lJiHJnAV4EPJeeObK3S/vibelife:663
[    1695ms] [WARNING] iso_swr: SSR fetch failed for "/api/v9/projects/vibelife?activeBranches=1&latestDeployments=1&rollbackInfo=true&teamId=team_3viD7lJiHJnAV4EPJeeObK3S" {error: iso_swr_fetch_error, message: The request is missing an authentication token} @ https://vercel.com/team_3viD7lJiHJnAV4EPJeeObK3S/vibelife:714
[    1695ms] [WARNING] iso_swr: SSR fetch failed for "/dashboard/projects/vibelife/production-checklist?teamId=team_3viD7lJiHJnAV4EPJeeObK3S" {error: iso_swr_fetch_error, message: The request is missing an authentication token} @ https://vercel.com/team_3viD7lJiHJnAV4EPJeeObK3S/vibelife:714
[    1695ms] [WARNING] iso_swr: SSR fetch failed for "/api/v6/deployments?limit=10&projectId=vibelife&state=INITIALIZING%2CREADY%2CERROR%2CBUILDING%2CQUEUED&target=preview&teamId=team_3viD7lJiHJnAV4EPJeeObK3S" {error: iso_swr_fetch_error, message: The request is missing an authentication token} @ https://vercel.com/team_3viD7lJiHJnAV4EPJeeObK3S/vibelife:714
[    2010ms] [WARNING] iso_swr[warn] [client] fallback error for key: "/api/v2/teams/team_3viD7lJiHJnAV4EPJeeObK3S" {error: iso_swr_fetch_error, message: The request is missing an authentication token} @ https://vercel.com/_next/static/chunks/2j1gkl9t9ha5y.js?dpl=dpl_E42tAzAZrfHPWVBHbcX5aU3C6tkT:2
[    2964ms] [ERROR] Failed to load resource: the server responded with a status of 403 () @ https://vercel.com/api/v2/teams/team_3viD7lJiHJnAV4EPJeeObK3S:0
[    2965ms] [ERROR] Failed to load resource: the server responded with a status of 403 () @ https://vercel.com/api/v1/notifications/push:0
[    2973ms] [ERROR] Failed to load resource: the server responded with a status of 403 () @ https://vercel.com/api/v1/dashboard/projects/vibelife?teamId=team_3viD7lJiHJnAV4EPJeeObK3S:0
[    2974ms] [ERROR] Failed to load resource: the server responded with a status of 403 () @ https://vercel.com/api/jwt:0
[    2985ms] [ERROR] Failed to load resource: the server responded with a status of 403 () @ https://vercel.com/api/dashboard/projects/vibelife/activity?teamId=team_3viD7lJiHJnAV4EPJeeObK3S:0
[    3196ms] [ERROR] CustomFetchError: The request is missing an authentication token
    at f (https://vercel.com/_next/static/chunks/3x6svuph2v_ez.js?dpl=dpl_E42tAzAZrfHPWVBHbcX5aU3C6tkT:2:39653) @ https://vercel.com/_next/static/chunks/01y--5zzwwg65.js?dpl=dpl_E42tAzAZrfHPWVBHbcX5aU3C6tkT:102
[    3219ms] [ERROR] Failed to load resource: the server responded with a status of 403 () @ https://vercel.com/api/v1/dashboard/projects/vibelife?teamId=team_3viD7lJiHJnAV4EPJeeObK3S:0
[    3222ms] [ERROR] Failed to load resource: the server responded with a status of 403 () @ https://vercel.com/api/recents?hydrateLimit=30&limit=7&teamId=team_3viD7lJiHJnAV4EPJeeObK3S&type=preview:0
[    3223ms] [ERROR] Failed to load resource: the server responded with a status of 403 () @ https://vercel.com/api/v2/teams/team_3viD7lJiHJnAV4EPJeeObK3S:0
[    3223ms] [ERROR] Failed to load resource: the server responded with a status of 403 () @ https://vercel.com/api/v2/dashboard/projects?favorites=1&limit=25&teamId=team_3viD7lJiHJnAV4EPJeeObK3S:0
[    3239ms] [ERROR] The script resource is behind a redirect, which is disallowed. @ :0
[    3870ms] [LOG] %c
▲

    ____                               _ __
   / __ \________  ____ _____ ___     (_) /_
  / / / / ___/ _ \/ __ `/ __ `__ \   / / __/
 / /_/ / /  /  __/ /_/ / / / / / /  / / /__
/_____/_/   \___/\__,_/_/ /_/ /_/  /_/\__( )
   _____ __    _          _ __           |/
  / ___// /_  (_)___     (_) /_
  \__ \/ __ \/ / __ \   / / __/
 ___/ / / / / / /_/ /  / / /_
/____/_/ /_/_/ .___/  /_/\__/
            /_/
  

Hello!

- Open Source https://vercel.com/oss
- Careers https://vercel.com/careers
- Status https://vercel-status.com

 font-family: "Geist Mono", monospace; white-space: pre; line-height: 1; @ https://vercel.com/_next/static/chunks/01y--5zzwwg65.js?dpl=dpl_E42tAzAZrfHPWVBHbcX5aU3C6tkT:72
[    4347ms] [WARNING] [GSI_LOGGER]: Your client application uses one of the Google One Tap prompt UI status methods that may stop functioning when FedCM becomes mandatory. Refer to the migration guide to update your code accordingly and opt-in to FedCM to test your changes. Learn more: https://developers.google.com/identity/gsi/web/guides/fedcm-migration?s=dc#display_moment and https://developers.google.com/identity/gsi/web/guides/fedcm-migration?s=dc#skipped_moment @ https://accounts.google.com/gsi/client:80
[    4356ms] [ERROR] Not signed in with the identity provider. @ https://vercel.com/login?next=%2Fteam_3viD7lJiHJnAV4EPJeeObK3S%2Fvibelife:0
[    4474ms] [ERROR] Failed to load resource: the server responded with a status of 403 () @ https://vercel.com/api/jwt:0
[    4621ms] [WARNING] Deprecated API for given entry type. @ https://vercel.com/_next/static/chunks/390_-upaaoe2i.js?dpl=dpl_E42tAzAZrfHPWVBHbcX5aU3C6tkT:18
[    4737ms] [ERROR] Failed to load resource: the server responded with a status of 429 () @ https://o205439.ingest.sentry.io/api/1323670/envelope/?sentry_key=d00780d432ac4ccf882f60dd02062e14&sentry_version=7&sentry_client=sentry.javascript.browser%2F7.111.0:0
[    7861ms] [WARNING] The resource https://vercel.com/_next/static/media/adobe-light.406_7oryl71va.svg?dpl=dpl_E42tAzAZrfHPWVBHbcX5aU3C6tkT was preloaded using link preload but not used within a few seconds from the window's load event. Please make sure it has an appropriate `as` value and it is preloaded intentionally. @ https://vercel.com/login?next=%2Fteam_3viD7lJiHJnAV4EPJeeObK3S%2Fvibelife:0
[    7861ms] [WARNING] The resource https://vercel.com/_next/static/media/ebay-dark.34mho2a18qqlt.svg?dpl=dpl_E42tAzAZrfHPWVBHbcX5aU3C6tkT was preloaded using link preload but not used within a few seconds from the window's load event. Please make sure it has an appropriate `as` value and it is preloaded intentionally. @ https://vercel.com/login?next=%2Fteam_3viD7lJiHJnAV4EPJeeObK3S%2Fvibelife:0
[    7861ms] [WARNING] The resource https://vercel.com/_next/static/media/stripe-dark.16ozjth2vgb_3.svg?dpl=dpl_E42tAzAZrfHPWVBHbcX5aU3C6tkT was preloaded using link preload but not used within a few seconds from the window's load event. Please make sure it has an appropriate `as` value and it is preloaded intentionally. @ https://vercel.com/login?next=%2Fteam_3viD7lJiHJnAV4EPJeeObK3S%2Fvibelife:0
[    7861ms] [WARNING] The resource https://vercel.com/_next/static/media/stripe-light.2l_1jctpe6k_4.svg?dpl=dpl_E42tAzAZrfHPWVBHbcX5aU3C6tkT was preloaded using link preload but not used within a few seconds from the window's load event. Please make sure it has an appropriate `as` value and it is preloaded intentionally. @ https://vercel.com/login?next=%2Fteam_3viD7lJiHJnAV4EPJeeObK3S%2Fvibelife:0
[    7861ms] [WARNING] The resource https://vercel.com/_next/static/media/ebay-light.3ft_ki8203ov0.svg?dpl=dpl_E42tAzAZrfHPWVBHbcX5aU3C6tkT was preloaded using link preload but not used within a few seconds from the window's load event. Please make sure it has an appropriate `as` value and it is preloaded intentionally. @ https://vercel.com/login?next=%2Fteam_3viD7lJiHJnAV4EPJeeObK3S%2Fvibelife:0
[   14084ms] [ERROR] [GSI_LOGGER]: FedCM get() rejects with NetworkError: Error retrieving a token. @ https://vercel.com/_next/static/chunks/2j1gkl9t9ha5y.js?dpl=dpl_E42tAzAZrfHPWVBHbcX5aU3C6tkT:2
[   14122ms] [ERROR] Failed to load resource: the server responded with a status of 429 () @ https://o205439.ingest.sentry.io/api/1323670/envelope/?sentry_key=d00780d432ac4ccf882f60dd02062e14&sentry_version=7&sentry_client=sentry.javascript.browser%2F7.111.0:0
[   17173ms] [WARNING] The resource https://vercel.com/_next/static/media/adobe-light.406_7oryl71va.svg?dpl=dpl_E42tAzAZrfHPWVBHbcX5aU3C6tkT was preloaded using link preload but not used within a few seconds from the window's load event. Please make sure it has an appropriate `as` value and it is preloaded intentionally. @ https://vercel.com/login?next=%2Fteam_3viD7lJiHJnAV4EPJeeObK3S%2Fvibelife:0
[   17173ms] [WARNING] The resource https://vercel.com/_next/static/media/ebay-dark.34mho2a18qqlt.svg?dpl=dpl_E42tAzAZrfHPWVBHbcX5aU3C6tkT was preloaded using link preload but not used within a few seconds from the window's load event. Please make sure it has an appropriate `as` value and it is preloaded intentionally. @ https://vercel.com/login?next=%2Fteam_3viD7lJiHJnAV4EPJeeObK3S%2Fvibelife:0
[   17173ms] [WARNING] The resource https://vercel.com/_next/static/media/stripe-dark.16ozjth2vgb_3.svg?dpl=dpl_E42tAzAZrfHPWVBHbcX5aU3C6tkT was preloaded using link preload but not used within a few seconds from the window's load event. Please make sure it has an appropriate `as` value and it is preloaded intentionally. @ https://vercel.com/login?next=%2Fteam_3viD7lJiHJnAV4EPJeeObK3S%2Fvibelife:0
[   17173ms] [WARNING] The resource https://vercel.com/_next/static/media/stripe-light.2l_1jctpe6k_4.svg?dpl=dpl_E42tAzAZrfHPWVBHbcX5aU3C6tkT was preloaded using link preload but not used within a few seconds from the window's load event. Please make sure it has an appropriate `as` value and it is preloaded intentionally. @ https://vercel.com/login?next=%2Fteam_3viD7lJiHJnAV4EPJeeObK3S%2Fvibelife:0
[   17173ms] [WARNING] The resource https://vercel.com/_next/static/media/ebay-light.3ft_ki8203ov0.svg?dpl=dpl_E42tAzAZrfHPWVBHbcX5aU3C6tkT was preloaded using link preload but not used within a few seconds from the window's load event. Please make sure it has an appropriate `as` value and it is preloaded intentionally. @ https://vercel.com/login?next=%2Fteam_3viD7lJiHJnAV4EPJeeObK3S%2Fvibelife:0
