[     421ms] [ERROR] Failed to load resource: the server responded with a status of 401 () @ https://vibelife-88rzjdjsx-germans-projects-baef13ff.vercel.app/:0
[    1505ms] [LOG] %c
▲

__  __                                     _            __
\ \/ /___  __  __   _________ _____       (_)_  _______/ /_
 \  / __ \/ / / /  / ___/ __ `/ __ \     / / / / / ___/ __/
 / / /_/ / /_/ /  / /__/ /_/ / / / /    / / /_/ (__  ) /_
/_/\____/\__,_/   \___/\__,_/_/ /_/  __/ /\__,_/____/\__/
         __    _          __  __    /___/
   _____/ /_  (_)___     / /_/ /_  (_)___  ____ ______
  / ___/ __ \/ / __ \   / __/ __ \/ / __ \/ __ `/ ___/
 (__  ) / / / / /_/ /  / /_/ / / / / / / / /_/ (__  )
/____/_/ /_/_/ .___/   \__/_/ /_/_/_/ /_/\__, /____/
            /_/                         /____/
  

Hello!

- Open Source https://vercel.com/oss
- Careers https://vercel.com/careers
- Status https://vercel-status.com

 font-family: "Geist Mono", monospace; white-space: pre; line-height: 1; @ https://vercel.com/_next/static/chunks/01y--5zzwwg65.js?dpl=dpl_3kNVDnW98hRD5mJYGMoR4qEoYSg2:72
[    2191ms] [WARNING] [GSI_LOGGER]: Your client application uses one of the Google One Tap prompt UI status methods that may stop functioning when FedCM becomes mandatory. Refer to the migration guide to update your code accordingly and opt-in to FedCM to test your changes. Learn more: https://developers.google.com/identity/gsi/web/guides/fedcm-migration?s=dc#display_moment and https://developers.google.com/identity/gsi/web/guides/fedcm-migration?s=dc#skipped_moment @ https://accounts.google.com/gsi/client:80
[    2243ms] [ERROR] Failed to load resource: the server responded with a status of 403 () @ https://vercel.com/api/jwt:0
[    2250ms] [ERROR] Not signed in with the identity provider. @ https://vercel.com/login?next=%2Fsso-api%3Furl%3Dhttps%253A%252F%252Fvibelife-88rzjdjsx-germans-projects-baef13ff.vercel.app%252F%26nonce%3D0942c345450358978367d144c16c5867cfc0ce12b129838b5861511bc475a49f:0
[    2561ms] [WARNING] Deprecated API for given entry type. @ https://vercel.com/_next/static/chunks/390_-upaaoe2i.js?dpl=dpl_3kNVDnW98hRD5mJYGMoR4qEoYSg2:18
[    5781ms] [WARNING] The resource https://vercel.com/_next/static/media/ebay-light.3ft_ki8203ov0.svg?dpl=dpl_3kNVDnW98hRD5mJYGMoR4qEoYSg2 was preloaded using link preload but not used within a few seconds from the window's load event. Please make sure it has an appropriate `as` value and it is preloaded intentionally. @ https://vercel.com/login?next=%2Fsso-api%3Furl%3Dhttps%253A%252F%252Fvibelife-88rzjdjsx-germans-projects-baef13ff.vercel.app%252F%26nonce%3D0942c345450358978367d144c16c5867cfc0ce12b129838b5861511bc475a49f:0
[    5781ms] [WARNING] The resource https://vercel.com/_next/static/media/ebay-dark.34mho2a18qqlt.svg?dpl=dpl_3kNVDnW98hRD5mJYGMoR4qEoYSg2 was preloaded using link preload but not used within a few seconds from the window's load event. Please make sure it has an appropriate `as` value and it is preloaded intentionally. @ https://vercel.com/login?next=%2Fsso-api%3Furl%3Dhttps%253A%252F%252Fvibelife-88rzjdjsx-germans-projects-baef13ff.vercel.app%252F%26nonce%3D0942c345450358978367d144c16c5867cfc0ce12b129838b5861511bc475a49f:0
[    5781ms] [WARNING] The resource https://vercel.com/_next/static/media/adobe-light.406_7oryl71va.svg?dpl=dpl_3kNVDnW98hRD5mJYGMoR4qEoYSg2 was preloaded using link preload but not used within a few seconds from the window's load event. Please make sure it has an appropriate `as` value and it is preloaded intentionally. @ https://vercel.com/login?next=%2Fsso-api%3Furl%3Dhttps%253A%252F%252Fvibelife-88rzjdjsx-germans-projects-baef13ff.vercel.app%252F%26nonce%3D0942c345450358978367d144c16c5867cfc0ce12b129838b5861511bc475a49f:0
[    5781ms] [WARNING] The resource https://vercel.com/_next/static/media/stripe-light.2l_1jctpe6k_4.svg?dpl=dpl_3kNVDnW98hRD5mJYGMoR4qEoYSg2 was preloaded using link preload but not used within a few seconds from the window's load event. Please make sure it has an appropriate `as` value and it is preloaded intentionally. @ https://vercel.com/login?next=%2Fsso-api%3Furl%3Dhttps%253A%252F%252Fvibelife-88rzjdjsx-germans-projects-baef13ff.vercel.app%252F%26nonce%3D0942c345450358978367d144c16c5867cfc0ce12b129838b5861511bc475a49f:0
[    5781ms] [WARNING] The resource https://vercel.com/_next/static/chunks/1iy8sjllhh0-p.css?dpl=dpl_3kNVDnW98hRD5mJYGMoR4qEoYSg2 was preloaded using link preload but not used within a few seconds from the window's load event. Please make sure it has an appropriate `as` value and it is preloaded intentionally. @ https://vercel.com/login?next=%2Fsso-api%3Furl%3Dhttps%253A%252F%252Fvibelife-88rzjdjsx-germans-projects-baef13ff.vercel.app%252F%26nonce%3D0942c345450358978367d144c16c5867cfc0ce12b129838b5861511bc475a49f:0
[    5781ms] [WARNING] The resource https://vercel.com/_next/static/media/stripe-dark.16ozjth2vgb_3.svg?dpl=dpl_3kNVDnW98hRD5mJYGMoR4qEoYSg2 was preloaded using link preload but not used within a few seconds from the window's load event. Please make sure it has an appropriate `as` value and it is preloaded intentionally. @ https://vercel.com/login?next=%2Fsso-api%3Furl%3Dhttps%253A%252F%252Fvibelife-88rzjdjsx-germans-projects-baef13ff.vercel.app%252F%26nonce%3D0942c345450358978367d144c16c5867cfc0ce12b129838b5861511bc475a49f:0
[   17174ms] [WARNING] The resource https://vercel.com/_next/static/media/ebay-light.3ft_ki8203ov0.svg?dpl=dpl_3kNVDnW98hRD5mJYGMoR4qEoYSg2 was preloaded using link preload but not used within a few seconds from the window's load event. Please make sure it has an appropriate `as` value and it is preloaded intentionally. @ https://vercel.com/login?next=%2Fsso-api%3Furl%3Dhttps%253A%252F%252Fvibelife-88rzjdjsx-germans-projects-baef13ff.vercel.app%252F%26nonce%3D0942c345450358978367d144c16c5867cfc0ce12b129838b5861511bc475a49f:0
[   17174ms] [WARNING] The resource https://vercel.com/_next/static/media/ebay-dark.34mho2a18qqlt.svg?dpl=dpl_3kNVDnW98hRD5mJYGMoR4qEoYSg2 was preloaded using link preload but not used within a few seconds from the window's load event. Please make sure it has an appropriate `as` value and it is preloaded intentionally. @ https://vercel.com/login?next=%2Fsso-api%3Furl%3Dhttps%253A%252F%252Fvibelife-88rzjdjsx-germans-projects-baef13ff.vercel.app%252F%26nonce%3D0942c345450358978367d144c16c5867cfc0ce12b129838b5861511bc475a49f:0
[   17174ms] [WARNING] The resource https://vercel.com/_next/static/media/adobe-light.406_7oryl71va.svg?dpl=dpl_3kNVDnW98hRD5mJYGMoR4qEoYSg2 was preloaded using link preload but not used within a few seconds from the window's load event. Please make sure it has an appropriate `as` value and it is preloaded intentionally. @ https://vercel.com/login?next=%2Fsso-api%3Furl%3Dhttps%253A%252F%252Fvibelife-88rzjdjsx-germans-projects-baef13ff.vercel.app%252F%26nonce%3D0942c345450358978367d144c16c5867cfc0ce12b129838b5861511bc475a49f:0
[   17174ms] [WARNING] The resource https://vercel.com/_next/static/media/stripe-light.2l_1jctpe6k_4.svg?dpl=dpl_3kNVDnW98hRD5mJYGMoR4qEoYSg2 was preloaded using link preload but not used within a few seconds from the window's load event. Please make sure it has an appropriate `as` value and it is preloaded intentionally. @ https://vercel.com/login?next=%2Fsso-api%3Furl%3Dhttps%253A%252F%252Fvibelife-88rzjdjsx-germans-projects-baef13ff.vercel.app%252F%26nonce%3D0942c345450358978367d144c16c5867cfc0ce12b129838b5861511bc475a49f:0
[   17174ms] [WARNING] The resource https://vercel.com/_next/static/chunks/1iy8sjllhh0-p.css?dpl=dpl_3kNVDnW98hRD5mJYGMoR4qEoYSg2 was preloaded using link preload but not used within a few seconds from the window's load event. Please make sure it has an appropriate `as` value and it is preloaded intentionally. @ https://vercel.com/login?next=%2Fsso-api%3Furl%3Dhttps%253A%252F%252Fvibelife-88rzjdjsx-germans-projects-baef13ff.vercel.app%252F%26nonce%3D0942c345450358978367d144c16c5867cfc0ce12b129838b5861511bc475a49f:0
[   17174ms] [WARNING] The resource https://vercel.com/_next/static/media/stripe-dark.16ozjth2vgb_3.svg?dpl=dpl_3kNVDnW98hRD5mJYGMoR4qEoYSg2 was preloaded using link preload but not used within a few seconds from the window's load event. Please make sure it has an appropriate `as` value and it is preloaded intentionally. @ https://vercel.com/login?next=%2Fsso-api%3Furl%3Dhttps%253A%252F%252Fvibelife-88rzjdjsx-germans-projects-baef13ff.vercel.app%252F%26nonce%3D0942c345450358978367d144c16c5867cfc0ce12b129838b5861511bc475a49f:0
[   62465ms] [ERROR] [GSI_LOGGER]: FedCM get() rejects with NetworkError: Error retrieving a token. @ https://vercel.com/_next/static/chunks/28l688xb3t023.js?dpl=dpl_3kNVDnW98hRD5mJYGMoR4qEoYSg2:2
[   63105ms] [ERROR] Failed to load resource: the server responded with a status of 429 () @ https://o205439.ingest.sentry.io/api/1323670/envelope/?sentry_key=d00780d432ac4ccf882f60dd02062e14&sentry_version=7&sentry_client=sentry.javascript.browser%2F7.111.0:0
[   66198ms] [WARNING] The resource https://vercel.com/_next/static/media/ebay-light.3ft_ki8203ov0.svg?dpl=dpl_3kNVDnW98hRD5mJYGMoR4qEoYSg2 was preloaded using link preload but not used within a few seconds from the window's load event. Please make sure it has an appropriate `as` value and it is preloaded intentionally. @ https://vercel.com/login?next=%2Fsso-api%3Furl%3Dhttps%253A%252F%252Fvibelife-88rzjdjsx-germans-projects-baef13ff.vercel.app%252F%26nonce%3D0942c345450358978367d144c16c5867cfc0ce12b129838b5861511bc475a49f:0
[   66202ms] [WARNING] The resource https://vercel.com/_next/static/media/ebay-dark.34mho2a18qqlt.svg?dpl=dpl_3kNVDnW98hRD5mJYGMoR4qEoYSg2 was preloaded using link preload but not used within a few seconds from the window's load event. Please make sure it has an appropriate `as` value and it is preloaded intentionally. @ https://vercel.com/login?next=%2Fsso-api%3Furl%3Dhttps%253A%252F%252Fvibelife-88rzjdjsx-germans-projects-baef13ff.vercel.app%252F%26nonce%3D0942c345450358978367d144c16c5867cfc0ce12b129838b5861511bc475a49f:0
[   66202ms] [WARNING] The resource https://vercel.com/_next/static/media/adobe-light.406_7oryl71va.svg?dpl=dpl_3kNVDnW98hRD5mJYGMoR4qEoYSg2 was preloaded using link preload but not used within a few seconds from the window's load event. Please make sure it has an appropriate `as` value and it is preloaded intentionally. @ https://vercel.com/login?next=%2Fsso-api%3Furl%3Dhttps%253A%252F%252Fvibelife-88rzjdjsx-germans-projects-baef13ff.vercel.app%252F%26nonce%3D0942c345450358978367d144c16c5867cfc0ce12b129838b5861511bc475a49f:0
[   66204ms] [WARNING] The resource https://vercel.com/_next/static/media/stripe-light.2l_1jctpe6k_4.svg?dpl=dpl_3kNVDnW98hRD5mJYGMoR4qEoYSg2 was preloaded using link preload but not used within a few seconds from the window's load event. Please make sure it has an appropriate `as` value and it is preloaded intentionally. @ https://vercel.com/login?next=%2Fsso-api%3Furl%3Dhttps%253A%252F%252Fvibelife-88rzjdjsx-germans-projects-baef13ff.vercel.app%252F%26nonce%3D0942c345450358978367d144c16c5867cfc0ce12b129838b5861511bc475a49f:0
[   66205ms] [WARNING] The resource https://vercel.com/_next/static/chunks/1iy8sjllhh0-p.css?dpl=dpl_3kNVDnW98hRD5mJYGMoR4qEoYSg2 was preloaded using link preload but not used within a few seconds from the window's load event. Please make sure it has an appropriate `as` value and it is preloaded intentionally. @ https://vercel.com/login?next=%2Fsso-api%3Furl%3Dhttps%253A%252F%252Fvibelife-88rzjdjsx-germans-projects-baef13ff.vercel.app%252F%26nonce%3D0942c345450358978367d144c16c5867cfc0ce12b129838b5861511bc475a49f:0
[   66206ms] [WARNING] The resource https://vercel.com/_next/static/media/stripe-dark.16ozjth2vgb_3.svg?dpl=dpl_3kNVDnW98hRD5mJYGMoR4qEoYSg2 was preloaded using link preload but not used within a few seconds from the window's load event. Please make sure it has an appropriate `as` value and it is preloaded intentionally. @ https://vercel.com/login?next=%2Fsso-api%3Furl%3Dhttps%253A%252F%252Fvibelife-88rzjdjsx-germans-projects-baef13ff.vercel.app%252F%26nonce%3D0942c345450358978367d144c16c5867cfc0ce12b129838b5861511bc475a49f:0
